<?xml version="1.0" encoding="UTF-8"?>
<!-- Generated by org.testng.reporters.JUnitXMLReporter -->
<testsuite ignored="0" hostname="LAPTOP-P7IQEAJU" failures="0" tests="3" name="Default test" time="21.447" errors="0" timestamp="2025-02-17T12:05:30 IST">
  <testcase classname="CreateOrganization.CreateOrganizationTest" name="createOrganizationTest" time="4.215"/>
  <testcase classname="CreateOrganization.CreateOrganizationTest" name="createOrganizationWithContact" time="3.664"/>
  <testcase classname="CreateOrganization.CreateOrganizationTest" name="createOrganizationWithIndustry" time="3.74"/>
</testsuite> <!-- Default test -->
