<?xml version="1.0" encoding="UTF-8"?>
<!-- Generated by org.testng.reporters.JUnitXMLReporter -->
<testsuite ignored="2" hostname="LAPTOP-P7IQEAJU" failures="0" tests="6" name="Test2" time="25.149" errors="0" timestamp="2025-02-12T16:29:29 IST">
  <testcase classname="CreateContactTest.CreateContactTest" name="createContactTest" time="0.001"/>
  <testcase classname="CreateContactTest.CreateContactTest" name="createContactTestWithDate" time="0.002"/>
  <testcase classname="CreateContactTest.CreateContactTest" name="createContactTestWithOrg" time="0.002"/>
  <testcase classname="CreateOrgTest.CreateOrganizationTest" name="createOrg" time="0.001"/>
  <testcase classname="CreateOrgTest.CreateOrganizationTest" name="createOrgWithIndustry" time="0.002"/>
  <testcase classname="CreateOrgTest.CreateOrganizationTest" name="createOrgWithPhoneNumber" time="0.001"/>
  <testcase classname="com.comcast.crm.baseclassutility.BaseClass" name="@BeforeSuite configBS" time="0.0">
    <ignored/>
  </testcase> <!-- @BeforeSuite configBS -->
  <testcase classname="com.comcast.crm.baseclassutility.BaseClass" name="@AfterSuite configAS" time="0.0">
    <ignored/>
  </testcase> <!-- @AfterSuite configAS -->
</testsuite> <!-- Test2 -->
