<?xml version="1.0" encoding="UTF-8"?>
<!-- Generated by org.testng.reporters.JUnitXMLReporter -->
<testsuite ignored="6" hostname="LAPTOP-P7IQEAJU" failures="0" tests="2" name="Test" time="9.387" errors="0" timestamp="2025-02-12T16:00:11 IST">
  <testcase classname="CreateContactTest.CreateContactTest" name="createContactTestWithOrg" time="0.013"/>
  <testcase classname="CreateOrgTest.CreateOrganizationTest" name="createOrg" time="0.001"/>
  <testcase classname="CreateContactTest.CreateContactTest" name="createContactTestWithDate" time="0.0">
    <ignored/>
  </testcase> <!-- createContactTestWithDate -->
  <testcase classname="CreateOrgTest.CreateOrganizationTest" name="createOrgWithIndustry" time="0.0">
    <ignored/>
  </testcase> <!-- createOrgWithIndustry -->
  <testcase classname="com.comcast.crm.baseclassutility.BaseClass" name="@AfterSuite configAS" time="0.0">
    <ignored/>
  </testcase> <!-- @AfterSuite configAS -->
  <testcase classname="com.comcast.crm.baseclassutility.BaseClass" name="@BeforeSuite configBS" time="0.0">
    <ignored/>
  </testcase> <!-- @BeforeSuite configBS -->
  <testcase classname="CreateContactTest.CreateContactTest" name="createContactTest" time="0.0">
    <ignored/>
  </testcase> <!-- createContactTest -->
  <testcase classname="CreateOrgTest.CreateOrganizationTest" name="createOrgWithPhoneNumber" time="0.0">
    <ignored/>
  </testcase> <!-- createOrgWithPhoneNumber -->
</testsuite> <!-- Test -->
