<?xml version="1.0" encoding="UTF-8"?>
<testng-results ignored="0" total="3" passed="3" failed="0" skipped="0">
  <reporter-output>
  </reporter-output>
  <suite started-at="2025-02-17T12:05:08 IST" name="Default suite" finished-at="2025-02-17T12:05:30 IST" duration-ms="21447">
    <groups>
    </groups>
    <test started-at="2025-02-17T12:05:08 IST" name="Default test" finished-at="2025-02-17T12:05:30 IST" duration-ms="21447">
      <class name="CreateOrganization.CreateOrganizationTest">
        <test-method is-config="true" signature="configBS()[pri:0, instance:CreateOrganization.CreateOrganizationTest@5e5d171f]" started-at="2025-02-17T12:05:08 IST" name="configBS" finished-at="2025-02-17T12:05:08 IST" duration-ms="30" status="PASS">
          <reporter-output>
          </reporter-output>
        </test-method> <!-- configBS -->
        <test-method is-config="true" signature="configBC()[pri:0, instance:CreateOrganization.CreateOrganizationTest@5e5d171f]" started-at="2025-02-17T12:05:08 IST" name="configBC" finished-at="2025-02-17T12:05:10 IST" duration-ms="1475" status="PASS">
          <reporter-output>
          </reporter-output>
        </test-method> <!-- configBC -->
        <test-method is-config="true" signature="configBM()[pri:0, instance:CreateOrganization.CreateOrganizationTest@5e5d171f]" started-at="2025-02-17T12:05:10 IST" name="configBM" finished-at="2025-02-17T12:05:12 IST" duration-ms="2499" status="PASS">
          <reporter-output>
          </reporter-output>
        </test-method> <!-- configBM -->
        <test-method signature="createOrganizationTest()[pri:0, instance:CreateOrganization.CreateOrganizationTest@5e5d171f]" started-at="2025-02-17T12:05:12 IST" name="createOrganizationTest" finished-at="2025-02-17T12:05:16 IST" duration-ms="4215" status="PASS">
          <reporter-output>
          </reporter-output>
        </test-method> <!-- createOrganizationTest -->
        <test-method is-config="true" signature="configAM()[pri:0, instance:CreateOrganization.CreateOrganizationTest@5e5d171f]" started-at="2025-02-17T12:05:16 IST" name="configAM" finished-at="2025-02-17T12:05:17 IST" duration-ms="811" status="PASS">
          <reporter-output>
          </reporter-output>
        </test-method> <!-- configAM -->
        <test-method is-config="true" signature="configBM()[pri:0, instance:CreateOrganization.CreateOrganizationTest@5e5d171f]" started-at="2025-02-17T12:05:17 IST" name="configBM" finished-at="2025-02-17T12:05:19 IST" duration-ms="1507" status="PASS">
          <reporter-output>
          </reporter-output>
        </test-method> <!-- configBM -->
        <test-method signature="createOrganizationWithContact()[pri:0, instance:CreateOrganization.CreateOrganizationTest@5e5d171f]" started-at="2025-02-17T12:05:19 IST" name="createOrganizationWithContact" finished-at="2025-02-17T12:05:22 IST" duration-ms="3664" status="PASS">
          <reporter-output>
          </reporter-output>
        </test-method> <!-- createOrganizationWithContact -->
        <test-method is-config="true" signature="configAM()[pri:0, instance:CreateOrganization.CreateOrganizationTest@5e5d171f]" started-at="2025-02-17T12:05:22 IST" name="configAM" finished-at="2025-02-17T12:05:23 IST" duration-ms="683" status="PASS">
          <reporter-output>
          </reporter-output>
        </test-method> <!-- configAM -->
        <test-method is-config="true" signature="configBM()[pri:0, instance:CreateOrganization.CreateOrganizationTest@5e5d171f]" started-at="2025-02-17T12:05:23 IST" name="configBM" finished-at="2025-02-17T12:05:25 IST" duration-ms="1480" status="PASS">
          <reporter-output>
          </reporter-output>
        </test-method> <!-- configBM -->
        <test-method signature="createOrganizationWithIndustry()[pri:0, instance:CreateOrganization.CreateOrganizationTest@5e5d171f]" started-at="2025-02-17T12:05:25 IST" name="createOrganizationWithIndustry" finished-at="2025-02-17T12:05:28 IST" duration-ms="3740" status="PASS">
          <reporter-output>
          </reporter-output>
        </test-method> <!-- createOrganizationWithIndustry -->
        <test-method is-config="true" signature="configAM()[pri:0, instance:CreateOrganization.CreateOrganizationTest@5e5d171f]" started-at="2025-02-17T12:05:28 IST" name="configAM" finished-at="2025-02-17T12:05:29 IST" duration-ms="1009" status="PASS">
          <reporter-output>
          </reporter-output>
        </test-method> <!-- configAM -->
        <test-method is-config="true" signature="configAC()[pri:0, instance:CreateOrganization.CreateOrganizationTest@5e5d171f]" started-at="2025-02-17T12:05:29 IST" name="configAC" finished-at="2025-02-17T12:05:30 IST" duration-ms="319" status="PASS">
          <reporter-output>
          </reporter-output>
        </test-method> <!-- configAC -->
        <test-method is-config="true" signature="configAS()[pri:0, instance:CreateOrganization.CreateOrganizationTest@5e5d171f]" started-at="2025-02-17T12:05:30 IST" name="configAS" finished-at="2025-02-17T12:05:30 IST" duration-ms="0" status="PASS">
          <reporter-output>
          </reporter-output>
        </test-method> <!-- configAS -->
      </class> <!-- CreateOrganization.CreateOrganizationTest -->
    </test> <!-- Default test -->
  </suite> <!-- Default suite -->
</testng-results>
